[2023-07-01T10:39:38,166][INFO ][o.e.n.Node               ] [localhost.localdomain] version[8.8.2], pid[121051], build[rpm/98e1271edf932a480e4262a471281f1ee295ce6b/2023-06-26T05:16:16.196344851Z], OS[Linux/4.18.0-492.el8.x86_64/amd64], JVM[Oracle Corporation/OpenJDK 64-Bit Server VM/20.0.1/20.0.1+9-29]
[2023-07-01T10:39:38,172][INFO ][o.e.n.Node               ] [localhost.localdomain] JVM home [/usr/share/elasticsearch/jdk], using bundled JDK [true]
[2023-07-01T10:39:38,172][INFO ][o.e.n.Node               ] [localhost.localdomain] JVM arguments [-Des.networkaddress.cache.ttl=60, -Des.networkaddress.cache.negative.ttl=10, -Djava.security.manager=allow, -XX:+AlwaysPreTouch, -Xss1m, -Djava.awt.headless=true, -Dfile.encoding=UTF-8, -Djna.nosys=true, -XX:-OmitStackTraceInFastThrow, -Dio.netty.noUnsafe=true, -Dio.netty.noKeySetOptimization=true, -Dio.netty.recycler.maxCapacityPerThread=0, -Dlog4j.shutdownHookEnabled=false, -Dlog4j2.disable.jmx=true, -Dlog4j2.formatMsgNoLookups=true, -Djava.locale.providers=SPI,COMPAT, --add-opens=java.base/java.io=org.elasticsearch.preallocate, -XX:+UseG1GC, -Djava.io.tmpdir=/tmp/elasticsearch-9983495464465994664, -XX:+HeapDumpOnOutOfMemoryError, -XX:+ExitOnOutOfMemoryError, -XX:HeapDumpPath=/var/lib/elasticsearch, -XX:ErrorFile=/var/log/elasticsearch/hs_err_pid%p.log, -Xlog:gc*,gc+age=trace,safepoint:file=/var/log/elasticsearch/gc.log:utctime,level,pid,tags:filecount=32,filesize=64m, -Xms3833m, -Xmx3833m, -XX:MaxDirectMemorySize=2010120192, -XX:G1HeapRegionSize=4m, -XX:InitiatingHeapOccupancyPercent=30, -XX:G1ReservePercent=15, -Des.distribution.type=rpm, --module-path=/usr/share/elasticsearch/lib, --add-modules=jdk.net, --add-modules=org.elasticsearch.preallocate, -Djdk.module.main=org.elasticsearch.server]
[2023-07-01T10:39:41,142][WARN ][stderr                   ] [localhost.localdomain] SLF4J: No SLF4J providers were found.
[2023-07-01T10:39:41,143][WARN ][stderr                   ] [localhost.localdomain] SLF4J: Defaulting to no-operation (NOP) logger implementation
[2023-07-01T10:39:41,143][WARN ][stderr                   ] [localhost.localdomain] SLF4J: See https://www.slf4j.org/codes.html#noProviders for further details.
[2023-07-01T10:39:41,144][WARN ][stderr                   ] [localhost.localdomain] SLF4J: Class path contains SLF4J bindings targeting slf4j-api versions 1.7.x or earlier.
[2023-07-01T10:39:41,144][WARN ][stderr                   ] [localhost.localdomain] SLF4J: Ignoring binding found at [jar:file:///usr/share/elasticsearch/modules/repository-azure/log4j-slf4j-impl-2.19.0.jar!/org/slf4j/impl/StaticLoggerBinder.class]
[2023-07-01T10:39:41,144][WARN ][stderr                   ] [localhost.localdomain] SLF4J: See https://www.slf4j.org/codes.html#ignoredBindings for an explanation.
[2023-07-01T10:39:43,336][INFO ][o.e.p.PluginsService     ] [localhost.localdomain] loaded module [repository-url]
[2023-07-01T10:39:43,336][INFO ][o.e.p.PluginsService     ] [localhost.localdomain] loaded module [dlm]
[2023-07-01T10:39:43,336][INFO ][o.e.p.PluginsService     ] [localhost.localdomain] loaded module [x-pack-core]
[2023-07-01T10:39:43,336][INFO ][o.e.p.PluginsService     ] [localhost.localdomain] loaded module [x-pack-redact]
[2023-07-01T10:39:43,337][INFO ][o.e.p.PluginsService     ] [localhost.localdomain] loaded module [ingest-user-agent]
[2023-07-01T10:39:43,337][INFO ][o.e.p.PluginsService     ] [localhost.localdomain] loaded module [x-pack-async-search]
[2023-07-01T10:39:43,337][INFO ][o.e.p.PluginsService     ] [localhost.localdomain] loaded module [x-pack-monitoring]
[2023-07-01T10:39:43,337][INFO ][o.e.p.PluginsService     ] [localhost.localdomain] loaded module [repository-s3]
[2023-07-01T10:39:43,337][INFO ][o.e.p.PluginsService     ] [localhost.localdomain] loaded module [x-pack-analytics]
[2023-07-01T10:39:43,337][INFO ][o.e.p.PluginsService     ] [localhost.localdomain] loaded module [x-pack-ent-search]
[2023-07-01T10:39:43,338][INFO ][o.e.p.PluginsService     ] [localhost.localdomain] loaded module [x-pack-autoscaling]
[2023-07-01T10:39:43,338][INFO ][o.e.p.PluginsService     ] [localhost.localdomain] loaded module [lang-painless]
[2023-07-01T10:39:43,338][INFO ][o.e.p.PluginsService     ] [localhost.localdomain] loaded module [x-pack-ml]
[2023-07-01T10:39:43,338][INFO ][o.e.p.PluginsService     ] [localhost.localdomain] loaded module [lang-mustache]
[2023-07-01T10:39:43,338][INFO ][o.e.p.PluginsService     ] [localhost.localdomain] loaded module [legacy-geo]
[2023-07-01T10:39:43,338][INFO ][o.e.p.PluginsService     ] [localhost.localdomain] loaded module [x-pack-ql]
[2023-07-01T10:39:43,339][INFO ][o.e.p.PluginsService     ] [localhost.localdomain] loaded module [rank-rrf]
[2023-07-01T10:39:43,339][INFO ][o.e.p.PluginsService     ] [localhost.localdomain] loaded module [analysis-common]
[2023-07-01T10:39:43,339][INFO ][o.e.p.PluginsService     ] [localhost.localdomain] loaded module [transport-netty4]
[2023-07-01T10:39:43,339][INFO ][o.e.p.PluginsService     ] [localhost.localdomain] loaded module [aggregations]
[2023-07-01T10:39:43,339][INFO ][o.e.p.PluginsService     ] [localhost.localdomain] loaded module [ingest-common]
[2023-07-01T10:39:43,339][INFO ][o.e.p.PluginsService     ] [localhost.localdomain] loaded module [frozen-indices]
[2023-07-01T10:39:43,339][INFO ][o.e.p.PluginsService     ] [localhost.localdomain] loaded module [x-pack-identity-provider]
[2023-07-01T10:39:43,340][INFO ][o.e.p.PluginsService     ] [localhost.localdomain] loaded module [x-pack-shutdown]
[2023-07-01T10:39:43,340][INFO ][o.e.p.PluginsService     ] [localhost.localdomain] loaded module [x-pack-text-structure]
[2023-07-01T10:39:43,340][INFO ][o.e.p.PluginsService     ] [localhost.localdomain] loaded module [snapshot-repo-test-kit]
[2023-07-01T10:39:43,340][INFO ][o.e.p.PluginsService     ] [localhost.localdomain] loaded module [ml-package-loader]
[2023-07-01T10:39:43,340][INFO ][o.e.p.PluginsService     ] [localhost.localdomain] loaded module [kibana]
[2023-07-01T10:39:43,340][INFO ][o.e.p.PluginsService     ] [localhost.localdomain] loaded module [constant-keyword]
[2023-07-01T10:39:43,340][INFO ][o.e.p.PluginsService     ] [localhost.localdomain] loaded module [x-pack-logstash]
[2023-07-01T10:39:43,341][INFO ][o.e.p.PluginsService     ] [localhost.localdomain] loaded module [x-pack-ccr]
[2023-07-01T10:39:43,341][INFO ][o.e.p.PluginsService     ] [localhost.localdomain] loaded module [x-pack-graph]
[2023-07-01T10:39:43,341][INFO ][o.e.p.PluginsService     ] [localhost.localdomain] loaded module [parent-join]
[2023-07-01T10:39:43,341][INFO ][o.e.p.PluginsService     ] [localhost.localdomain] loaded module [x-pack-enrich]
[2023-07-01T10:39:43,341][INFO ][o.e.p.PluginsService     ] [localhost.localdomain] loaded module [repositories-metering-api]
[2023-07-01T10:39:43,341][INFO ][o.e.p.PluginsService     ] [localhost.localdomain] loaded module [transform]
[2023-07-01T10:39:43,341][INFO ][o.e.p.PluginsService     ] [localhost.localdomain] loaded module [repository-azure]
[2023-07-01T10:39:43,342][INFO ][o.e.p.PluginsService     ] [localhost.localdomain] loaded module [repository-gcs]
[2023-07-01T10:39:43,342][INFO ][o.e.p.PluginsService     ] [localhost.localdomain] loaded module [spatial]
[2023-07-01T10:39:43,342][INFO ][o.e.p.PluginsService     ] [localhost.localdomain] loaded module [apm]
[2023-07-01T10:39:43,342][INFO ][o.e.p.PluginsService     ] [localhost.localdomain] loaded module [mapper-extras]
[2023-07-01T10:39:43,342][INFO ][o.e.p.PluginsService     ] [localhost.localdomain] loaded module [mapper-version]
[2023-07-01T10:39:43,342][INFO ][o.e.p.PluginsService     ] [localhost.localdomain] loaded module [x-pack-aggregate-metric]
[2023-07-01T10:39:43,342][INFO ][o.e.p.PluginsService     ] [localhost.localdomain] loaded module [x-pack-rollup]
[2023-07-01T10:39:43,343][INFO ][o.e.p.PluginsService     ] [localhost.localdomain] loaded module [percolator]
[2023-07-01T10:39:43,343][INFO ][o.e.p.PluginsService     ] [localhost.localdomain] loaded module [data-streams]
[2023-07-01T10:39:43,343][INFO ][o.e.p.PluginsService     ] [localhost.localdomain] loaded module [x-pack-stack]
[2023-07-01T10:39:43,343][INFO ][o.e.p.PluginsService     ] [localhost.localdomain] loaded module [rank-eval]
[2023-07-01T10:39:43,343][INFO ][o.e.p.PluginsService     ] [localhost.localdomain] loaded module [reindex]
[2023-07-01T10:39:43,343][INFO ][o.e.p.PluginsService     ] [localhost.localdomain] loaded module [systemd]
[2023-07-01T10:39:43,343][INFO ][o.e.p.PluginsService     ] [localhost.localdomain] loaded module [x-pack-security]
[2023-07-01T10:39:43,344][INFO ][o.e.p.PluginsService     ] [localhost.localdomain] loaded module [blob-cache]
[2023-07-01T10:39:43,344][INFO ][o.e.p.PluginsService     ] [localhost.localdomain] loaded module [searchable-snapshots]
[2023-07-01T10:39:43,344][INFO ][o.e.p.PluginsService     ] [localhost.localdomain] loaded module [snapshot-based-recoveries]
[2023-07-01T10:39:43,344][INFO ][o.e.p.PluginsService     ] [localhost.localdomain] loaded module [x-pack-watcher]
[2023-07-01T10:39:43,344][INFO ][o.e.p.PluginsService     ] [localhost.localdomain] loaded module [old-lucene-versions]
[2023-07-01T10:39:43,344][INFO ][o.e.p.PluginsService     ] [localhost.localdomain] loaded module [x-pack-ilm]
[2023-07-01T10:39:43,345][INFO ][o.e.p.PluginsService     ] [localhost.localdomain] loaded module [x-pack-voting-only-node]
[2023-07-01T10:39:43,345][INFO ][o.e.p.PluginsService     ] [localhost.localdomain] loaded module [x-pack-deprecation]
[2023-07-01T10:39:43,345][INFO ][o.e.p.PluginsService     ] [localhost.localdomain] loaded module [x-pack-fleet]
[2023-07-01T10:39:43,345][INFO ][o.e.p.PluginsService     ] [localhost.localdomain] loaded module [x-pack-profiling]
[2023-07-01T10:39:43,345][INFO ][o.e.p.PluginsService     ] [localhost.localdomain] loaded module [ingest-geoip]
[2023-07-01T10:39:43,345][INFO ][o.e.p.PluginsService     ] [localhost.localdomain] loaded module [x-pack-write-load-forecaster]
[2023-07-01T10:39:43,345][INFO ][o.e.p.PluginsService     ] [localhost.localdomain] loaded module [search-business-rules]
[2023-07-01T10:39:43,346][INFO ][o.e.p.PluginsService     ] [localhost.localdomain] loaded module [ingest-attachment]
[2023-07-01T10:39:43,346][INFO ][o.e.p.PluginsService     ] [localhost.localdomain] loaded module [wildcard]
[2023-07-01T10:39:43,346][INFO ][o.e.p.PluginsService     ] [localhost.localdomain] loaded module [unsigned-long]
[2023-07-01T10:39:43,346][INFO ][o.e.p.PluginsService     ] [localhost.localdomain] loaded module [x-pack-sql]
[2023-07-01T10:39:43,346][INFO ][o.e.p.PluginsService     ] [localhost.localdomain] loaded module [runtime-fields-common]
[2023-07-01T10:39:43,346][INFO ][o.e.p.PluginsService     ] [localhost.localdomain] loaded module [x-pack-async]
[2023-07-01T10:39:43,346][INFO ][o.e.p.PluginsService     ] [localhost.localdomain] loaded module [vector-tile]
[2023-07-01T10:39:43,347][INFO ][o.e.p.PluginsService     ] [localhost.localdomain] loaded module [lang-expression]
[2023-07-01T10:39:43,347][INFO ][o.e.p.PluginsService     ] [localhost.localdomain] loaded module [x-pack-eql]
[2023-07-01T10:39:46,793][WARN ][stderr                   ] [localhost.localdomain] Jul 01, 2023 10:39:46 AM org.apache.lucene.store.MemorySegmentIndexInputProvider <init>
[2023-07-01T10:39:46,801][INFO ][o.e.e.NodeEnvironment    ] [localhost.localdomain] using [1] data paths, mounts [[/ (/dev/mapper/cs-root)]], net usable_space [47gb], net total_space [61.2gb], types [xfs]
[2023-07-01T10:39:46,802][INFO ][o.e.e.NodeEnvironment    ] [localhost.localdomain] heap size [3.7gb], compressed ordinary object pointers [true]
[2023-07-01T10:39:46,812][INFO ][o.e.n.Node               ] [localhost.localdomain] node name [localhost.localdomain], node ID [BigDgND5RRKR_otEYdALOA], cluster name [elasticsearch], roles [ingest, data_frozen, ml, data_hot, transform, data_content, data_warm, master, remote_cluster_client, data, data_cold]
[2023-07-01T10:39:50,369][INFO ][o.e.x.m.p.l.CppLogMessageHandler] [localhost.localdomain] [controller/121083] [Main.cc@123] controller (64 bit): Version 8.8.2 (Build 12b72d8b77ab68) Copyright (c) 2023 Elasticsearch BV
[2023-07-01T10:39:50,888][INFO ][o.e.x.s.Security         ] [localhost.localdomain] Security is enabled
[2023-07-01T10:39:51,272][INFO ][o.e.x.s.a.s.FileRolesStore] [localhost.localdomain] parsed [0] roles from file [/etc/elasticsearch/roles.yml]
[2023-07-01T10:39:51,613][INFO ][o.e.x.s.InitialNodeSecurityAutoConfiguration] [localhost.localdomain] Auto-configuration will not generate a password for the elastic built-in superuser, as we cannot  determine if there is a terminal attached to the elasticsearch process. You can use the `bin/elasticsearch-reset-password` tool to set the password for the elastic user.
[2023-07-01T10:39:52,089][INFO ][o.e.x.p.ProfilingPlugin  ] [localhost.localdomain] Profiling is enabled
[2023-07-01T10:39:53,131][WARN ][stderr                   ] [localhost.localdomain] SLF4J: No SLF4J providers were found.
[2023-07-01T10:39:53,131][WARN ][stderr                   ] [localhost.localdomain] SLF4J: Defaulting to no-operation (NOP) logger implementation
[2023-07-01T10:39:53,132][WARN ][stderr                   ] [localhost.localdomain] SLF4J: See https://www.slf4j.org/codes.html#noProviders for further details.
[2023-07-01T10:39:53,132][WARN ][stderr                   ] [localhost.localdomain] SLF4J: Class path contains SLF4J bindings targeting slf4j-api versions 1.7.x or earlier.
[2023-07-01T10:39:53,132][WARN ][stderr                   ] [localhost.localdomain] SLF4J: Ignoring binding found at [jar:file:///usr/share/elasticsearch/modules/x-pack-security/log4j-slf4j-impl-2.19.0.jar!/org/slf4j/impl/StaticLoggerBinder.class]
[2023-07-01T10:39:53,132][WARN ][stderr                   ] [localhost.localdomain] SLF4J: See https://www.slf4j.org/codes.html#ignoredBindings for an explanation.
[2023-07-01T10:39:53,190][INFO ][o.e.t.n.NettyAllocator   ] [localhost.localdomain] creating NettyAllocator with the following configs: [name=elasticsearch_configured, chunk_size=1mb, suggested_max_allocation_size=1mb, factors={es.unsafe.use_netty_default_chunk_and_page_size=false, g1gc_enabled=true, g1gc_region_size=4mb}]
[2023-07-01T10:39:53,236][INFO ][o.e.i.r.RecoverySettings ] [localhost.localdomain] using rate limit [40mb] with [default=40mb, read=0b, write=0b, max=0b]
[2023-07-01T10:39:53,309][INFO ][o.e.d.DiscoveryModule    ] [localhost.localdomain] using discovery type [multi-node] and seed hosts providers [settings]
[2023-07-01T10:39:54,904][INFO ][o.e.n.Node               ] [localhost.localdomain] initialized
[2023-07-01T10:39:54,905][INFO ][o.e.n.Node               ] [localhost.localdomain] starting ...
[2023-07-01T10:39:54,920][INFO ][o.e.x.s.c.f.PersistentCache] [localhost.localdomain] persistent cache index loaded
[2023-07-01T10:39:54,921][INFO ][o.e.x.d.l.DeprecationIndexingComponent] [localhost.localdomain] deprecation component started
[2023-07-01T10:39:55,060][INFO ][o.e.t.TransportService   ] [localhost.localdomain] publish_address {127.0.0.1:9300}, bound_addresses {[::1]:9300}, {127.0.0.1:9300}
[2023-07-01T10:39:55,173][INFO ][o.e.c.c.ClusterBootstrapService] [localhost.localdomain] this node has not joined a bootstrapped cluster yet; [cluster.initial_master_nodes] is set to [localhost.localdomain]
[2023-07-01T10:39:55,179][INFO ][o.e.c.c.Coordinator      ] [localhost.localdomain] setting initial configuration to VotingConfiguration{BigDgND5RRKR_otEYdALOA}
[2023-07-01T10:39:55,370][INFO ][o.e.c.s.MasterService    ] [localhost.localdomain] elected-as-master ([1] nodes joined in term 1)[_FINISH_ELECTION_, {localhost.localdomain}{BigDgND5RRKR_otEYdALOA}{5JC6O2YRTHKRv5MYPKHwtw}{localhost.localdomain}{127.0.0.1}{127.0.0.1:9300}{cdfhilmrstw}{8.8.2} completing election], term: 1, version: 1, delta: master node changed {previous [], current [{localhost.localdomain}{BigDgND5RRKR_otEYdALOA}{5JC6O2YRTHKRv5MYPKHwtw}{localhost.localdomain}{127.0.0.1}{127.0.0.1:9300}{cdfhilmrstw}{8.8.2}]}
[2023-07-01T10:39:55,400][INFO ][o.e.c.c.CoordinationState] [localhost.localdomain] cluster UUID set to [ntbA2Wq4TkSA4yseNy-vsg]
[2023-07-01T10:39:55,419][INFO ][o.e.c.s.ClusterApplierService] [localhost.localdomain] master node changed {previous [], current [{localhost.localdomain}{BigDgND5RRKR_otEYdALOA}{5JC6O2YRTHKRv5MYPKHwtw}{localhost.localdomain}{127.0.0.1}{127.0.0.1:9300}{cdfhilmrstw}{8.8.2}]}, term: 1, version: 1, reason: Publication{term=1, version=1}
[2023-07-01T10:39:55,466][INFO ][o.e.c.f.AbstractFileWatchingService] [localhost.localdomain] starting file watcher ...
[2023-07-01T10:39:55,476][INFO ][o.e.c.f.AbstractFileWatchingService] [localhost.localdomain] file settings service up and running [tid=66]
[2023-07-01T10:39:55,480][INFO ][o.e.h.AbstractHttpServerTransport] [localhost.localdomain] publish_address {192.168.182.142:9200}, bound_addresses {[::]:9200}
[2023-07-01T10:39:55,482][INFO ][o.e.n.Node               ] [localhost.localdomain] started {localhost.localdomain}{BigDgND5RRKR_otEYdALOA}{5JC6O2YRTHKRv5MYPKHwtw}{localhost.localdomain}{127.0.0.1}{127.0.0.1:9300}{cdfhilmrstw}{8.8.2}{ml.max_jvm_size=4022337536, ml.allocated_processors_double=8.0, xpack.installed=true, ml.machine_memory=8038871040, ml.allocated_processors=8}
[2023-07-01T10:39:55,483][INFO ][o.e.c.c.NodeJoinExecutor ] [localhost.localdomain] node-join: [{localhost.localdomain}{BigDgND5RRKR_otEYdALOA}{5JC6O2YRTHKRv5MYPKHwtw}{localhost.localdomain}{127.0.0.1}{127.0.0.1:9300}{cdfhilmrstw}{8.8.2}] with reason [completing election]
[2023-07-01T10:39:55,591][INFO ][o.e.g.GatewayService     ] [localhost.localdomain] recovered [0] indices into cluster_state
[2023-07-01T10:39:55,771][INFO ][o.e.c.m.MetadataIndexTemplateService] [localhost.localdomain] adding component template [behavioral_analytics-events-mappings]
[2023-07-01T10:39:55,780][INFO ][o.e.c.m.MetadataIndexTemplateService] [localhost.localdomain] adding component template [behavioral_analytics-events-settings]
[2023-07-01T10:39:55,820][INFO ][o.e.c.m.MetadataIndexTemplateService] [localhost.localdomain] adding index template [.monitoring-kibana-mb] for index patterns [.monitoring-kibana-8-*]
[2023-07-01T10:39:55,829][INFO ][o.e.c.m.MetadataIndexTemplateService] [localhost.localdomain] adding index template [.ml-stats] for index patterns [.ml-stats-*]
[2023-07-01T10:39:55,835][INFO ][o.e.c.m.MetadataIndexTemplateService] [localhost.localdomain] adding index template [.ml-state] for index patterns [.ml-state*]
[2023-07-01T10:39:55,853][INFO ][o.e.c.m.MetadataIndexTemplateService] [localhost.localdomain] adding index template [.ml-notifications-000002] for index patterns [.ml-notifications-000002]
[2023-07-01T10:39:55,872][INFO ][o.e.c.m.MetadataIndexTemplateService] [localhost.localdomain] adding index template [.ml-anomalies-] for index patterns [.ml-anomalies-*]
[2023-07-01T10:39:55,890][INFO ][o.e.c.m.MetadataIndexTemplateService] [localhost.localdomain] adding index template [.monitoring-ent-search-mb] for index patterns [.monitoring-ent-search-8-*]
[2023-07-01T10:39:55,904][INFO ][o.e.c.m.MetadataIndexTemplateService] [localhost.localdomain] adding template [.monitoring-beats] for index patterns [.monitoring-beats-7-*]
[2023-07-01T10:39:55,912][INFO ][o.e.c.m.MetadataIndexTemplateService] [localhost.localdomain] adding template [.monitoring-kibana] for index patterns [.monitoring-kibana-7-*]
[2023-07-01T10:39:55,934][INFO ][o.e.c.m.MetadataIndexTemplateService] [localhost.localdomain] adding template [.monitoring-es] for index patterns [.monitoring-es-7-*]
[2023-07-01T10:39:55,944][INFO ][o.e.c.m.MetadataIndexTemplateService] [localhost.localdomain] adding template [.monitoring-logstash] for index patterns [.monitoring-logstash-7-*]
[2023-07-01T10:39:55,949][INFO ][o.e.c.m.MetadataIndexTemplateService] [localhost.localdomain] adding template [.monitoring-alerts-7] for index patterns [.monitoring-alerts-7]
[2023-07-01T10:39:55,973][INFO ][o.e.c.m.MetadataIndexTemplateService] [localhost.localdomain] adding index template [.monitoring-beats-mb] for index patterns [.monitoring-beats-8-*]
[2023-07-01T10:39:56,007][INFO ][o.e.c.m.MetadataIndexTemplateService] [localhost.localdomain] adding index template [.monitoring-es-mb] for index patterns [.monitoring-es-8-*]
[2023-07-01T10:39:56,020][INFO ][o.e.c.m.MetadataIndexTemplateService] [localhost.localdomain] adding index template [.monitoring-logstash-mb] for index patterns [.monitoring-logstash-8-*]
[2023-07-01T10:39:56,027][INFO ][o.e.c.m.MetadataIndexTemplateService] [localhost.localdomain] adding component template [synthetics-mappings]
[2023-07-01T10:39:56,037][INFO ][o.e.c.m.MetadataIndexTemplateService] [localhost.localdomain] adding component template [data-streams-mappings]
[2023-07-01T10:39:56,040][INFO ][o.e.c.m.MetadataIndexTemplateService] [localhost.localdomain] adding component template [metrics-settings]
[2023-07-01T10:39:56,044][INFO ][o.e.c.m.MetadataIndexTemplateService] [localhost.localdomain] adding component template [metrics-mappings]
[2023-07-01T10:39:56,047][INFO ][o.e.c.m.MetadataIndexTemplateService] [localhost.localdomain] adding component template [logs-settings]
[2023-07-01T10:39:56,050][INFO ][o.e.c.m.MetadataIndexTemplateService] [localhost.localdomain] adding component template [logs-mappings]
[2023-07-01T10:39:56,053][INFO ][o.e.c.m.MetadataIndexTemplateService] [localhost.localdomain] adding component template [synthetics-settings]
[2023-07-01T10:39:56,059][INFO ][o.e.c.m.MetadataIndexTemplateService] [localhost.localdomain] adding index template [ilm-history] for index patterns [ilm-history-5*]
[2023-07-01T10:39:56,070][INFO ][o.e.c.m.MetadataIndexTemplateService] [localhost.localdomain] adding index template [.watch-history-16] for index patterns [.watcher-history-16*]
[2023-07-01T10:39:56,073][INFO ][o.e.c.m.MetadataIndexTemplateService] [localhost.localdomain] adding component template [.deprecation-indexing-settings]
[2023-07-01T10:39:56,078][INFO ][o.e.c.m.MetadataIndexTemplateService] [localhost.localdomain] adding index template [.fleet-file-data] for index patterns [.fleet-file-data-*-*]
[2023-07-01T10:39:56,084][INFO ][o.e.c.m.MetadataIndexTemplateService] [localhost.localdomain] adding index template [.slm-history] for index patterns [.slm-history-5*]
[2023-07-01T10:39:56,088][INFO ][o.e.c.m.MetadataIndexTemplateService] [localhost.localdomain] adding component template [.deprecation-indexing-mappings]
[2023-07-01T10:39:56,092][INFO ][o.e.c.m.MetadataIndexTemplateService] [localhost.localdomain] adding index template [.fleet-files] for index patterns [.fleet-files-*-*]
[2023-07-01T10:39:56,140][INFO ][o.e.c.m.MetadataIndexTemplateService] [localhost.localdomain] adding index template [logs] for index patterns [logs-*-*]
[2023-07-01T10:39:56,146][INFO ][o.e.c.m.MetadataIndexTemplateService] [localhost.localdomain] adding index template [metrics] for index patterns [metrics-*-*]
[2023-07-01T10:39:56,151][INFO ][o.e.c.m.MetadataIndexTemplateService] [localhost.localdomain] adding index template [.deprecation-indexing-template] for index patterns [.logs-deprecation.*]
[2023-07-01T10:39:56,158][INFO ][o.e.c.m.MetadataIndexTemplateService] [localhost.localdomain] adding index template [behavioral_analytics-events-default] for index patterns [behavioral_analytics-events-*]
[2023-07-01T10:39:56,164][INFO ][o.e.c.m.MetadataIndexTemplateService] [localhost.localdomain] adding index template [synthetics] for index patterns [synthetics-*-*]
[2023-07-01T10:39:56,187][INFO ][o.e.x.i.a.TransportPutLifecycleAction] [localhost.localdomain] adding index lifecycle policy [.monitoring-8-ilm-policy]
[2023-07-01T10:39:56,244][INFO ][o.e.x.i.a.TransportPutLifecycleAction] [localhost.localdomain] adding index lifecycle policy [behavioral_analytics-events-default_policy]
[2023-07-01T10:39:56,279][INFO ][o.e.x.i.a.TransportPutLifecycleAction] [localhost.localdomain] adding index lifecycle policy [ml-size-based-ilm-policy]
[2023-07-01T10:39:56,305][INFO ][o.e.x.i.a.TransportPutLifecycleAction] [localhost.localdomain] adding index lifecycle policy [logs]
[2023-07-01T10:39:56,332][INFO ][o.e.x.i.a.TransportPutLifecycleAction] [localhost.localdomain] adding index lifecycle policy [30-days-default]
[2023-07-01T10:39:56,361][INFO ][o.e.x.i.a.TransportPutLifecycleAction] [localhost.localdomain] adding index lifecycle policy [synthetics]
[2023-07-01T10:39:56,384][INFO ][o.e.x.i.a.TransportPutLifecycleAction] [localhost.localdomain] adding index lifecycle policy [metrics]
[2023-07-01T10:39:56,407][INFO ][o.e.x.i.a.TransportPutLifecycleAction] [localhost.localdomain] adding index lifecycle policy [365-days-default]
[2023-07-01T10:39:56,431][INFO ][o.e.x.i.a.TransportPutLifecycleAction] [localhost.localdomain] adding index lifecycle policy [180-days-default]
[2023-07-01T10:39:56,457][INFO ][o.e.x.i.a.TransportPutLifecycleAction] [localhost.localdomain] adding index lifecycle policy [7-days-default]
[2023-07-01T10:39:56,483][INFO ][o.e.x.i.a.TransportPutLifecycleAction] [localhost.localdomain] adding index lifecycle policy [90-days-default]
[2023-07-01T10:39:56,509][INFO ][o.e.x.i.a.TransportPutLifecycleAction] [localhost.localdomain] adding index lifecycle policy [watch-history-ilm-policy-16]
[2023-07-01T10:39:56,534][INFO ][o.e.x.i.a.TransportPutLifecycleAction] [localhost.localdomain] adding index lifecycle policy [ilm-history-ilm-policy]
[2023-07-01T10:39:56,569][INFO ][o.e.x.i.a.TransportPutLifecycleAction] [localhost.localdomain] adding index lifecycle policy [slm-history-ilm-policy]
[2023-07-01T10:39:57,677][INFO ][o.e.x.i.a.TransportPutLifecycleAction] [localhost.localdomain] adding index lifecycle policy [.deprecation-indexing-ilm-policy]
[2023-07-01T10:39:57,818][INFO ][o.e.x.i.a.TransportPutLifecycleAction] [localhost.localdomain] adding index lifecycle policy [.fleet-files-ilm-policy]
[2023-07-01T10:39:57,843][INFO ][o.e.x.i.a.TransportPutLifecycleAction] [localhost.localdomain] adding index lifecycle policy [.fleet-file-data-ilm-policy]
[2023-07-01T10:39:57,900][INFO ][o.e.x.i.a.TransportPutLifecycleAction] [localhost.localdomain] adding index lifecycle policy [.fleet-actions-results-ilm-policy]
[2023-07-01T10:39:57,973][INFO ][o.e.h.n.s.HealthNodeTaskExecutor] [localhost.localdomain] Node [{localhost.localdomain}{BigDgND5RRKR_otEYdALOA}] is selected as the current health node.
[2023-07-01T10:39:58,056][INFO ][o.e.l.ClusterStateLicenseService] [localhost.localdomain] license [7e9613d8-fc4d-4bff-bc1a-195eea129383] mode [basic] - valid
[2023-07-01T10:39:58,057][INFO ][o.e.x.s.a.Realms         ] [localhost.localdomain] license mode is [basic], currently licensed security realms are [reserved/reserved,file/default_file,native/default_native]
[2023-07-01T10:40:40,595][INFO ][o.e.n.Node               ] [localhost.localdomain] stopping ...
[2023-07-01T10:40:40,596][INFO ][o.e.c.f.AbstractFileWatchingService] [localhost.localdomain] shutting down watcher thread
[2023-07-01T10:40:40,598][INFO ][o.e.c.f.AbstractFileWatchingService] [localhost.localdomain] watcher service stopped
[2023-07-01T10:40:40,602][INFO ][o.e.x.m.p.l.CppLogMessageHandler] [localhost.localdomain] [controller/121083] [Main.cc@176] ML controller exiting
[2023-07-01T10:40:40,601][INFO ][o.e.x.w.WatcherService   ] [localhost.localdomain] stopping watch service, reason [shutdown initiated]
[2023-07-01T10:40:40,602][INFO ][o.e.x.m.p.NativeController] [localhost.localdomain] Native controller process has stopped - no new native processes can be started
[2023-07-01T10:40:40,603][INFO ][o.e.x.w.WatcherLifeCycleService] [localhost.localdomain] watcher has stopped and shutdown
[2023-07-01T10:40:40,912][INFO ][o.e.n.Node               ] [localhost.localdomain] stopped
[2023-07-01T10:40:40,912][INFO ][o.e.n.Node               ] [localhost.localdomain] closing ...
[2023-07-01T10:40:40,921][INFO ][o.e.n.Node               ] [localhost.localdomain] closed
